c:\users\soda\desktop\netspeed\netspeed\x64\debug\vc141.pdb
c:\users\soda\desktop\netspeed\netspeed\x64\debug\vc141.idb
c:\users\soda\desktop\netspeed\netspeed\x64\debug\main.obj
c:\users\soda\desktop\netspeed\netspeed\x64\debug\menu.obj
c:\users\soda\desktop\netspeed\netspeed\x64\debug\net.obj
c:\users\soda\desktop\netspeed\netspeed\x64\debug\notifyicon.obj
c:\users\soda\desktop\netspeed\netspeed\x64\debug\dialog_main.obj
c:\users\soda\desktop\netspeed\netspeed\x64\debug\dialogmain.obj
c:\users\soda\desktop\netspeed\netspeed\x64\debug\registry.obj
c:\users\soda\desktop\netspeed\x64\debug\netspeed.exe
c:\users\soda\desktop\netspeed\x64\debug\netspeed.ilk
c:\users\soda\desktop\netspeed\x64\debug\netspeed.pdb
c:\users\soda\desktop\netspeed\netspeed\x64\debug\netspeed.res
c:\users\soda\desktop\netspeed\netspeed\x64\debug\netspeed.tlog\cl.command.1.tlog
c:\users\soda\desktop\netspeed\netspeed\x64\debug\netspeed.tlog\cl.read.1.tlog
c:\users\soda\desktop\netspeed\netspeed\x64\debug\netspeed.tlog\cl.write.1.tlog
c:\users\soda\desktop\netspeed\netspeed\x64\debug\netspeed.tlog\link.command.1.tlog
c:\users\soda\desktop\netspeed\netspeed\x64\debug\netspeed.tlog\link.read.1.tlog
c:\users\soda\desktop\netspeed\netspeed\x64\debug\netspeed.tlog\link.write.1.tlog
c:\users\soda\desktop\netspeed\netspeed\x64\debug\netspeed.tlog\rc.command.1.tlog
c:\users\soda\desktop\netspeed\netspeed\x64\debug\netspeed.tlog\rc.read.1.tlog
c:\users\soda\desktop\netspeed\netspeed\x64\debug\netspeed.tlog\rc.write.1.tlog
